# JRE version: OpenJDK Runtime Environment Temurin-21.0.11+10 (21.0.11+10) (build 21.0.11+10-LTS)
# Java VM: OpenJDK 64-Bit Server VM Temurin-21.0.11+10 (21.0.11+10-LTS, mixed mode, sharing, tiered, compressed oops, compressed class ptrs, parallel gc, windows-amd64)
GC Precious Log:
 CardTable entry size: 512
 CPUs: 12 total, 12 available
 Memory: 32531M
 Large Page Support: Disabled
 NUMA Support: Disabled
 Compressed Oops: Enabled (32-bit)
 Alignments: Space 512K, Generation 512K, Heap 2M
 Heap Min Capacity: 100M
 Heap Initial Capacity: 100M
 Heap Max Capacity: 2G
 Pre-touch: Disabled
 Parallel Workers: 10
Heap:
 PSYoungGen      total 17408K, used 10409K [0x00000000d5580000, 0x00000000d6880000, 0x0000000100000000)
  eden space 16384K, 57% used [0x00000000d5580000,0x00000000d5ec2718,0x00000000d6580000)
  from space 1024K, 90% used [0x00000000d6780000,0x00000000d6868000,0x00000000d6880000)
  to   space 1536K, 0% used [0x00000000d6580000,0x00000000d6580000,0x00000000d6700000)
 ParOldGen       total 74240K, used 63966K [0x0000000080000000, 0x0000000084880000, 0x00000000d5580000)
  object space 74240K, 86% used [0x0000000080000000,0x0000000083e77928,0x0000000084880000)
 Metaspace       used 61242K, committed 62720K, reserved 1114112K
  class space    used 6471K, committed 7104K, reserved 1048576K
GC Heap History (20 events):
Event: 8.384 GC heap before
{Heap before GC invocations=52 (full 3):
 PSYoungGen      total 21504K, used 672K [0x00000000d5580000, 0x00000000d6d00000, 0x0000000100000000)
  eden space 16896K, 0% used [0x00000000d5580000,0x00000000d5580000,0x00000000d6600000)
  from space 4608K, 14% used [0x00000000d6600000,0x00000000d66a8000,0x00000000d6a80000)
  to   space 2048K, 0% used [0x00000000d6b00000,0x00000000d6b00000,0x00000000d6d00000)
 ParOldGen       total 74240K, used 73845K [0x0000000080000000, 0x0000000084880000, 0x00000000d5580000)
  object space 74240K, 99% used [0x0000000080000000,0x000000008481d4e0,0x0000000084880000)
 Metaspace       used 58441K, committed 59776K, reserved 1114112K
  class space    used 6232K, committed 6848K, reserved 1048576K
}
Event: 8.484 GC heap after
{Heap after GC invocations=52 (full 3):
 PSYoungGen      total 21504K, used 0K [0x00000000d5580000, 0x00000000d6d00000, 0x0000000100000000)
  eden space 16896K, 0% used [0x00000000d5580000,0x00000000d5580000,0x00000000d6600000)
  from space 4608K, 0% used [0x00000000d6600000,0x00000000d6600000,0x00000000d6a80000)
  to   space 2048K, 0% used [0x00000000d6b00000,0x00000000d6b00000,0x00000000d6d00000)
 ParOldGen       total 74240K, used 54068K [0x0000000080000000, 0x0000000084880000, 0x00000000d5580000)
  object space 74240K, 72% used [0x0000000080000000,0x00000000834cd3f0,0x0000000084880000)
 Metaspace       used 58435K, committed 59776K, reserved 1114112K
  class space    used 6231K, committed 6848K, reserved 1048576K
}
Event: 8.627 GC heap before
{Heap before GC invocations=53 (full 3):
 PSYoungGen      total 21504K, used 16896K [0x00000000d5580000, 0x00000000d6d00000, 0x0000000100000000)
  eden space 16896K, 100% used [0x00000000d5580000,0x00000000d6600000,0x00000000d6600000)
  from space 4608K, 0% used [0x00000000d6600000,0x00000000d6600000,0x00000000d6a80000)
  to   space 2048K, 0% used [0x00000000d6b00000,0x00000000d6b00000,0x00000000d6d00000)
 ParOldGen       total 74240K, used 54068K [0x0000000080000000, 0x0000000084880000, 0x00000000d5580000)
  object space 74240K, 72% used [0x0000000080000000,0x00000000834cd3f0,0x0000000084880000)
 Metaspace       used 58632K, committed 60032K, reserved 1114112K
  class space    used 6253K, committed 6912K, reserved 1048576K
}
Event: 8.629 GC heap after
{Heap after GC invocations=53 (full 3):
 PSYoungGen      total 17920K, used 832K [0x00000000d5580000, 0x00000000d6c00000, 0x0000000100000000)
  eden space 16896K, 0% used [0x00000000d5580000,0x00000000d5580000,0x00000000d6600000)
  from space 1024K, 81% used [0x00000000d6b00000,0x00000000d6bd0000,0x00000000d6c00000)
  to   space 1024K, 0% used [0x00000000d6a00000,0x00000000d6a00000,0x00000000d6b00000)
 ParOldGen       total 74240K, used 54076K [0x0000000080000000, 0x0000000084880000, 0x00000000d5580000)
  object space 74240K, 72% used [0x0000000080000000,0x00000000834cf3f0,0x0000000084880000)
 Metaspace       used 58632K, committed 60032K, reserved 1114112K
  class space    used 6253K, committed 6912K, reserved 1048576K
}
Event: 8.834 GC heap before
{Heap before GC invocations=54 (full 3):
 PSYoungGen      total 17920K, used 17728K [0x00000000d5580000, 0x00000000d6c00000, 0x0000000100000000)
  eden space 16896K, 100% used [0x00000000d5580000,0x00000000d6600000,0x00000000d6600000)
  from space 1024K, 81% used [0x00000000d6b00000,0x00000000d6bd0000,0x00000000d6c00000)
  to   space 1024K, 0% used [0x00000000d6a00000,0x00000000d6a00000,0x00000000d6b00000)
 ParOldGen       total 74240K, used 54076K [0x0000000080000000, 0x0000000084880000, 0x00000000d5580000)
  object space 74240K, 72% used [0x0000000080000000,0x00000000834cf3f0,0x0000000084880000)
 Metaspace       used 59661K, committed 61056K, reserved 1114112K
  class space    used 6346K, committed 6976K, reserved 1048576K
}
Event: 8.836 GC heap after
{Heap after GC invocations=54 (full 3):
 PSYoungGen      total 17920K, used 1024K [0x00000000d5580000, 0x00000000d6c00000, 0x0000000100000000)
  eden space 16896K, 0% used [0x00000000d5580000,0x00000000d5580000,0x00000000d6600000)
  from space 1024K, 100% used [0x00000000d6a00000,0x00000000d6b00000,0x00000000d6b00000)
  to   space 1024K, 0% used [0x00000000d6b00000,0x00000000d6b00000,0x00000000d6c00000)
 ParOldGen       total 74240K, used 55767K [0x0000000080000000, 0x0000000084880000, 0x00000000d5580000)
  object space 74240K, 75% used [0x0000000080000000,0x0000000083675e98,0x0000000084880000)
 Metaspace       used 59661K, committed 61056K, reserved 1114112K
  class space    used 6346K, committed 6976K, reserved 1048576K
}
Event: 8.945 GC heap before
{Heap before GC invocations=55 (full 3):
 PSYoungGen      total 17920K, used 17920K [0x00000000d5580000, 0x00000000d6c00000, 0x0000000100000000)
  eden space 16896K, 100% used [0x00000000d5580000,0x00000000d6600000,0x00000000d6600000)
  from space 1024K, 100% used [0x00000000d6a00000,0x00000000d6b00000,0x00000000d6b00000)
  to   space 1024K, 0% used [0x00000000d6b00000,0x00000000d6b00000,0x00000000d6c00000)
 ParOldGen       total 74240K, used 55767K [0x0000000080000000, 0x0000000084880000, 0x00000000d5580000)
  object space 74240K, 75% used [0x0000000080000000,0x0000000083675e98,0x0000000084880000)
 Metaspace       used 59784K, committed 61184K, reserved 1114112K
  class space    used 6347K, committed 6976K, reserved 1048576K
}
Event: 8.947 GC heap after
{Heap after GC invocations=55 (full 3):
 PSYoungGen      total 17920K, used 1008K [0x00000000d5580000, 0x00000000d6c00000, 0x0000000100000000)
  eden space 16896K, 0% used [0x00000000d5580000,0x00000000d5580000,0x00000000d6600000)
  from space 1024K, 98% used [0x00000000d6b00000,0x00000000d6bfc010,0x00000000d6c00000)
  to   space 2560K, 0% used [0x00000000d6700000,0x00000000d6700000,0x00000000d6980000)
 ParOldGen       total 74240K, used 57215K [0x0000000080000000, 0x0000000084880000, 0x00000000d5580000)
  object space 74240K, 77% used [0x0000000080000000,0x00000000837dfed8,0x0000000084880000)
 Metaspace       used 59784K, committed 61184K, reserved 1114112K
  class space    used 6347K, committed 6976K, reserved 1048576K
}
Event: 9.042 GC heap before
{Heap before GC invocations=56 (full 3):
 PSYoungGen      total 17920K, used 17904K [0x00000000d5580000, 0x00000000d6c00000, 0x0000000100000000)
  eden space 16896K, 100% used [0x00000000d5580000,0x00000000d6600000,0x00000000d6600000)
  from space 1024K, 98% used [0x00000000d6b00000,0x00000000d6bfc010,0x00000000d6c00000)
  to   space 2560K, 0% used [0x00000000d6700000,0x00000000d6700000,0x00000000d6980000)
 ParOldGen       total 74240K, used 57215K [0x0000000080000000, 0x0000000084880000, 0x00000000d5580000)
  object space 74240K, 77% used [0x0000000080000000,0x00000000837dfed8,0x0000000084880000)
 Metaspace       used 59927K, committed 61312K, reserved 1114112K
  class space    used 6347K, committed 6976K, reserved 1048576K
}
Event: 9.043 GC heap after
{Heap after GC invocations=56 (full 3):
 PSYoungGen      total 19456K, used 1184K [0x00000000d5580000, 0x00000000d6b80000, 0x0000000100000000)
  eden space 16896K, 0% used [0x00000000d5580000,0x00000000d5580000,0x00000000d6600000)
  from space 2560K, 46% used [0x00000000d6700000,0x00000000d6828000,0x00000000d6980000)
  to   space 2048K, 0% used [0x00000000d6980000,0x00000000d6980000,0x00000000d6b80000)
 ParOldGen       total 74240K, used 58175K [0x0000000080000000, 0x0000000084880000, 0x00000000d5580000)
  object space 74240K, 78% used [0x0000000080000000,0x00000000838cfee8,0x0000000084880000)
 Metaspace       used 59927K, committed 61312K, reserved 1114112K
  class space    used 6347K, committed 6976K, reserved 1048576K
}
Event: 9.101 GC heap before
{Heap before GC invocations=57 (full 3):
 PSYoungGen      total 19456K, used 18080K [0x00000000d5580000, 0x00000000d6b80000, 0x0000000100000000)
  eden space 16896K, 100% used [0x00000000d5580000,0x00000000d6600000,0x00000000d6600000)
  from space 2560K, 46% used [0x00000000d6700000,0x00000000d6828000,0x00000000d6980000)
  to   space 2048K, 0% used [0x00000000d6980000,0x00000000d6980000,0x00000000d6b80000)
 ParOldGen       total 74240K, used 58175K [0x0000000080000000, 0x0000000084880000, 0x00000000d5580000)
  object space 74240K, 78% used [0x0000000080000000,0x00000000838cfee8,0x0000000084880000)
 Metaspace       used 60314K, committed 61696K, reserved 1114112K
  class space    used 6401K, committed 7040K, reserved 1048576K
}
Event: 9.103 GC heap after
{Heap after GC invocations=57 (full 3):
 PSYoungGen      total 18944K, used 1696K [0x00000000d5580000, 0x00000000d6b80000, 0x0000000100000000)
  eden space 16896K, 0% used [0x00000000d5580000,0x00000000d5580000,0x00000000d6600000)
  from space 2048K, 82% used [0x00000000d6980000,0x00000000d6b28000,0x00000000d6b80000)
  to   space 2048K, 0% used [0x00000000d6780000,0x00000000d6780000,0x00000000d6980000)
 ParOldGen       total 74240K, used 59199K [0x0000000080000000, 0x0000000084880000, 0x00000000d5580000)
  object space 74240K, 79% used [0x0000000080000000,0x00000000839cfee8,0x0000000084880000)
 Metaspace       used 60314K, committed 61696K, reserved 1114112K
  class space    used 6401K, committed 7040K, reserved 1048576K
}
Event: 9.157 GC heap before
{Heap before GC invocations=58 (full 3):
 PSYoungGen      total 18944K, used 18592K [0x00000000d5580000, 0x00000000d6b80000, 0x0000000100000000)
  eden space 16896K, 100% used [0x00000000d5580000,0x00000000d6600000,0x00000000d6600000)
  from space 2048K, 82% used [0x00000000d6980000,0x00000000d6b28000,0x00000000d6b80000)
  to   space 2048K, 0% used [0x00000000d6780000,0x00000000d6780000,0x00000000d6980000)
 ParOldGen       total 74240K, used 59199K [0x0000000080000000, 0x0000000084880000, 0x00000000d5580000)
  object space 74240K, 79% used [0x0000000080000000,0x00000000839cfee8,0x0000000084880000)
 Metaspace       used 60400K, committed 61824K, reserved 1114112K
  class space    used 6402K, committed 7040K, reserved 1048576K
}
Event: 9.158 GC heap after
{Heap after GC invocations=58 (full 3):
 PSYoungGen      total 18432K, used 1536K [0x00000000d5580000, 0x00000000d6a00000, 0x0000000100000000)
  eden space 16896K, 0% used [0x00000000d5580000,0x00000000d5580000,0x00000000d6600000)
  from space 1536K, 100% used [0x00000000d6780000,0x00000000d6900000,0x00000000d6900000)
  to   space 1024K, 0% used [0x00000000d6900000,0x00000000d6900000,0x00000000d6a00000)
 ParOldGen       total 74240K, used 60676K [0x0000000080000000, 0x0000000084880000, 0x00000000d5580000)
  object space 74240K, 81% used [0x0000000080000000,0x0000000083b413c8,0x0000000084880000)
 Metaspace       used 60400K, committed 61824K, reserved 1114112K
  class space    used 6402K, committed 7040K, reserved 1048576K
}
Event: 9.235 GC heap before
{Heap before GC invocations=59 (full 3):
 PSYoungGen      total 18432K, used 18431K [0x00000000d5580000, 0x00000000d6a00000, 0x0000000100000000)
  eden space 16896K, 99% used [0x00000000d5580000,0x00000000d65ffff8,0x00000000d6600000)
  from space 1536K, 100% used [0x00000000d6780000,0x00000000d6900000,0x00000000d6900000)
  to   space 1024K, 0% used [0x00000000d6900000,0x00000000d6900000,0x00000000d6a00000)
 ParOldGen       total 74240K, used 60676K [0x0000000080000000, 0x0000000084880000, 0x00000000d5580000)
  object space 74240K, 81% used [0x0000000080000000,0x0000000083b413c8,0x0000000084880000)
 Metaspace       used 60559K, committed 61952K, reserved 1114112K
  class space    used 6403K, committed 7040K, reserved 1048576K
}
Event: 9.237 GC heap after
{Heap after GC invocations=59 (full 3):
 PSYoungGen      total 17408K, used 1008K [0x00000000d5580000, 0x00000000d6d00000, 0x0000000100000000)
  eden space 16384K, 0% used [0x00000000d5580000,0x00000000d5580000,0x00000000d6580000)
  from space 1024K, 98% used [0x00000000d6900000,0x00000000d69fc010,0x00000000d6a00000)
  to   space 3584K, 0% used [0x00000000d6580000,0x00000000d6580000,0x00000000d6900000)
 ParOldGen       total 74240K, used 62585K [0x0000000080000000, 0x0000000084880000, 0x00000000d5580000)
  object space 74240K, 84% used [0x0000000080000000,0x0000000083d1e458,0x0000000084880000)
 Metaspace       used 60559K, committed 61952K, reserved 1114112K
  class space    used 6403K, committed 7040K, reserved 1048576K
}
Event: 9.274 GC heap before
{Heap before GC invocations=60 (full 3):
 PSYoungGen      total 17408K, used 17392K [0x00000000d5580000, 0x00000000d6d00000, 0x0000000100000000)
  eden space 16384K, 100% used [0x00000000d5580000,0x00000000d6580000,0x00000000d6580000)
  from space 1024K, 98% used [0x00000000d6900000,0x00000000d69fc010,0x00000000d6a00000)
  to   space 3584K, 0% used [0x00000000d6580000,0x00000000d6580000,0x00000000d6900000)
 ParOldGen       total 74240K, used 62585K [0x0000000080000000, 0x0000000084880000, 0x00000000d5580000)
  object space 74240K, 84% used [0x0000000080000000,0x0000000083d1e458,0x0000000084880000)
 Metaspace       used 60596K, committed 62016K, reserved 1114112K
  class space    used 6403K, committed 7040K, reserved 1048576K
}
Event: 9.275 GC heap after
{Heap after GC invocations=60 (full 3):
 PSYoungGen      total 17920K, used 1328K [0x00000000d5580000, 0x00000000d6980000, 0x0000000100000000)
  eden space 16384K, 0% used [0x00000000d5580000,0x00000000d5580000,0x00000000d6580000)
  from space 1536K, 86% used [0x00000000d6580000,0x00000000d66cc010,0x00000000d6700000)
  to   space 2048K, 0% used [0x00000000d6780000,0x00000000d6780000,0x00000000d6980000)
 ParOldGen       total 74240K, used 63310K [0x0000000080000000, 0x0000000084880000, 0x00000000d5580000)
  object space 74240K, 85% used [0x0000000080000000,0x0000000083dd3928,0x0000000084880000)
 Metaspace       used 60596K, committed 62016K, reserved 1114112K
  class space    used 6403K, committed 7040K, reserved 1048576K
}
Event: 9.333 GC heap before
{Heap before GC invocations=61 (full 3):
 PSYoungGen      total 17920K, used 17712K [0x00000000d5580000, 0x00000000d6980000, 0x0000000100000000)
  eden space 16384K, 100% used [0x00000000d5580000,0x00000000d6580000,0x00000000d6580000)
  from space 1536K, 86% used [0x00000000d6580000,0x00000000d66cc010,0x00000000d6700000)
  to   space 2048K, 0% used [0x00000000d6780000,0x00000000d6780000,0x00000000d6980000)
 ParOldGen       total 74240K, used 63310K [0x0000000080000000, 0x0000000084880000, 0x00000000d5580000)
  object space 74240K, 85% used [0x0000000080000000,0x0000000083dd3928,0x0000000084880000)
 Metaspace       used 60733K, committed 62144K, reserved 1114112K
  class space    used 6407K, committed 7040K, reserved 1048576K
}
Event: 9.334 GC heap after
{Heap after GC invocations=61 (full 3):
 PSYoungGen      total 17408K, used 928K [0x00000000d5580000, 0x00000000d6880000, 0x0000000100000000)
  eden space 16384K, 0% used [0x00000000d5580000,0x00000000d5580000,0x00000000d6580000)
  from space 1024K, 90% used [0x00000000d6780000,0x00000000d6868000,0x00000000d6880000)
  to   space 1536K, 0% used [0x00000000d6580000,0x00000000d6580000,0x00000000d6700000)
 ParOldGen       total 74240K, used 63966K [0x0000000080000000, 0x0000000084880000, 0x00000000d5580000)
  object space 74240K, 86% used [0x0000000080000000,0x0000000083e77928,0x0000000084880000)
 Metaspace       used 60733K, committed 62144K, reserved 1114112K
  class space    used 6407K, committed 7040K, reserved 1048576K
}

