# JRE version: OpenJDK Runtime Environment Temurin-21.0.11+10 (21.0.11+10) (build 21.0.11+10-LTS)
# Java VM: OpenJDK 64-Bit Server VM Temurin-21.0.11+10 (21.0.11+10-LTS, mixed mode, sharing, tiered, compressed oops, compressed class ptrs, parallel gc, windows-amd64)
GC Precious Log:
 CardTable entry size: 512
 CPUs: 12 total, 12 available
 Memory: 32531M
 Large Page Support: Disabled
 NUMA Support: Disabled
 Compressed Oops: Enabled (32-bit)
 Alignments: Space 512K, Generation 512K, Heap 2M
 Heap Min Capacity: 100M
 Heap Initial Capacity: 100M
 Heap Max Capacity: 2G
 Pre-touch: Disabled
 Parallel Workers: 10
Heap:
 PSYoungGen      total 9216K, used 0K [0x00000000d5580000, 0x00000000d6080000, 0x0000000100000000)
  eden space 5632K, 0% used [0x00000000d5580000,0x00000000d5580000,0x00000000d5b00000)
  from space 3584K, 0% used [0x00000000d5b00000,0x00000000d5b00000,0x00000000d5e80000)
  to   space 1024K, 0% used [0x00000000d5f80000,0x00000000d5f80000,0x00000000d6080000)
 ParOldGen       total 1398272K, used 945092K [0x0000000080000000, 0x00000000d5580000, 0x00000000d5580000)
  object space 1398272K, 67% used [0x0000000080000000,0x00000000b9af13b8,0x00000000d5580000)
 Metaspace       used 88273K, committed 90048K, reserved 1179648K
  class space    used 8965K, committed 9728K, reserved 1048576K
GC Heap History (20 events):
Event: 378.838 GC heap after
{Heap after GC invocations=2626 (full 6):
 PSYoungGen      total 6656K, used 964K [0x00000000d5580000, 0x00000000d5e00000, 0x0000000100000000)
  eden space 5632K, 0% used [0x00000000d5580000,0x00000000d5580000,0x00000000d5b00000)
  from space 1024K, 94% used [0x00000000d5c80000,0x00000000d5d71210,0x00000000d5d80000)
  to   space 1536K, 0% used [0x00000000d5b00000,0x00000000d5b00000,0x00000000d5c80000)
 ParOldGen       total 926208K, used 925986K [0x0000000080000000, 0x00000000b8880000, 0x00000000d5580000)
  object space 926208K, 99% used [0x0000000080000000,0x00000000b8848a18,0x00000000b8880000)
 Metaspace       used 88271K, committed 90048K, reserved 1179648K
  class space    used 8965K, committed 9728K, reserved 1048576K
}
Event: 378.876 GC heap before
{Heap before GC invocations=2627 (full 6):
 PSYoungGen      total 6656K, used 6596K [0x00000000d5580000, 0x00000000d5e00000, 0x0000000100000000)
  eden space 5632K, 100% used [0x00000000d5580000,0x00000000d5b00000,0x00000000d5b00000)
  from space 1024K, 94% used [0x00000000d5c80000,0x00000000d5d71210,0x00000000d5d80000)
  to   space 1536K, 0% used [0x00000000d5b00000,0x00000000d5b00000,0x00000000d5c80000)
 ParOldGen       total 926208K, used 925986K [0x0000000080000000, 0x00000000b8880000, 0x00000000d5580000)
  object space 926208K, 99% used [0x0000000080000000,0x00000000b8848a18,0x00000000b8880000)
 Metaspace       used 88271K, committed 90048K, reserved 1179648K
  class space    used 8965K, committed 9728K, reserved 1048576K
}
Event: 378.878 GC heap after
{Heap after GC invocations=2627 (full 6):
 PSYoungGen      total 6656K, used 544K [0x00000000d5580000, 0x00000000d5d00000, 0x0000000100000000)
  eden space 5632K, 0% used [0x00000000d5580000,0x00000000d5580000,0x00000000d5b00000)
  from space 1024K, 53% used [0x00000000d5b00000,0x00000000d5b88000,0x00000000d5c00000)
  to   space 1024K, 0% used [0x00000000d5c00000,0x00000000d5c00000,0x00000000d5d00000)
 ParOldGen       total 927232K, used 926777K [0x0000000080000000, 0x00000000b8980000, 0x00000000d5580000)
  object space 927232K, 99% used [0x0000000080000000,0x00000000b890e6e8,0x00000000b8980000)
 Metaspace       used 88271K, committed 90048K, reserved 1179648K
  class space    used 8965K, committed 9728K, reserved 1048576K
}
Event: 378.913 GC heap before
{Heap before GC invocations=2628 (full 6):
 PSYoungGen      total 6656K, used 6176K [0x00000000d5580000, 0x00000000d5d00000, 0x0000000100000000)
  eden space 5632K, 100% used [0x00000000d5580000,0x00000000d5b00000,0x00000000d5b00000)
  from space 1024K, 53% used [0x00000000d5b00000,0x00000000d5b88000,0x00000000d5c00000)
  to   space 1024K, 0% used [0x00000000d5c00000,0x00000000d5c00000,0x00000000d5d00000)
 ParOldGen       total 927232K, used 926777K [0x0000000080000000, 0x00000000b8980000, 0x00000000d5580000)
  object space 927232K, 99% used [0x0000000080000000,0x00000000b890e6e8,0x00000000b8980000)
 Metaspace       used 88271K, committed 90048K, reserved 1179648K
  class space    used 8965K, committed 9728K, reserved 1048576K
}
Event: 378.915 GC heap after
{Heap after GC invocations=2628 (full 6):
 PSYoungGen      total 6144K, used 980K [0x00000000d5580000, 0x00000000d5e00000, 0x0000000100000000)
  eden space 5120K, 0% used [0x00000000d5580000,0x00000000d5580000,0x00000000d5a80000)
  from space 1024K, 95% used [0x00000000d5c00000,0x00000000d5cf5200,0x00000000d5d00000)
  to   space 1536K, 0% used [0x00000000d5a80000,0x00000000d5a80000,0x00000000d5c00000)
 ParOldGen       total 927232K, used 927197K [0x0000000080000000, 0x00000000b8980000, 0x00000000d5580000)
  object space 927232K, 99% used [0x0000000080000000,0x00000000b8977738,0x00000000b8980000)
 Metaspace       used 88271K, committed 90048K, reserved 1179648K
  class space    used 8965K, committed 9728K, reserved 1048576K
}
Event: 378.956 GC heap before
{Heap before GC invocations=2629 (full 6):
 PSYoungGen      total 6144K, used 6100K [0x00000000d5580000, 0x00000000d5e00000, 0x0000000100000000)
  eden space 5120K, 100% used [0x00000000d5580000,0x00000000d5a80000,0x00000000d5a80000)
  from space 1024K, 95% used [0x00000000d5c00000,0x00000000d5cf5200,0x00000000d5d00000)
  to   space 1536K, 0% used [0x00000000d5a80000,0x00000000d5a80000,0x00000000d5c00000)
 ParOldGen       total 927232K, used 927197K [0x0000000080000000, 0x00000000b8980000, 0x00000000d5580000)
  object space 927232K, 99% used [0x0000000080000000,0x00000000b8977738,0x00000000b8980000)
 Metaspace       used 88271K, committed 90048K, reserved 1179648K
  class space    used 8965K, committed 9728K, reserved 1048576K
}
Event: 378.958 GC heap after
{Heap after GC invocations=2629 (full 6):
 PSYoungGen      total 6144K, used 576K [0x00000000d5580000, 0x00000000d5c80000, 0x0000000100000000)
  eden space 5120K, 0% used [0x00000000d5580000,0x00000000d5580000,0x00000000d5a80000)
  from space 1024K, 56% used [0x00000000d5a80000,0x00000000d5b10000,0x00000000d5b80000)
  to   space 1024K, 0% used [0x00000000d5b80000,0x00000000d5b80000,0x00000000d5c80000)
 ParOldGen       total 928256K, used 928071K [0x0000000080000000, 0x00000000b8a80000, 0x00000000d5580000)
  object space 928256K, 99% used [0x0000000080000000,0x00000000b8a51d18,0x00000000b8a80000)
 Metaspace       used 88271K, committed 90048K, reserved 1179648K
  class space    used 8965K, committed 9728K, reserved 1048576K
}
Event: 379.387 GC heap before
{Heap before GC invocations=2630 (full 6):
 PSYoungGen      total 6144K, used 5696K [0x00000000d5580000, 0x00000000d5c80000, 0x0000000100000000)
  eden space 5120K, 100% used [0x00000000d5580000,0x00000000d5a80000,0x00000000d5a80000)
  from space 1024K, 56% used [0x00000000d5a80000,0x00000000d5b10000,0x00000000d5b80000)
  to   space 1024K, 0% used [0x00000000d5b80000,0x00000000d5b80000,0x00000000d5c80000)
 ParOldGen       total 928256K, used 928071K [0x0000000080000000, 0x00000000b8a80000, 0x00000000d5580000)
  object space 928256K, 99% used [0x0000000080000000,0x00000000b8a51d18,0x00000000b8a80000)
 Metaspace       used 88273K, committed 90048K, reserved 1179648K
  class space    used 8965K, committed 9728K, reserved 1048576K
}
Event: 379.389 GC heap after
{Heap after GC invocations=2630 (full 6):
 PSYoungGen      total 6144K, used 544K [0x00000000d5580000, 0x00000000d5c80000, 0x0000000100000000)
  eden space 5120K, 0% used [0x00000000d5580000,0x00000000d5580000,0x00000000d5a80000)
  from space 1024K, 53% used [0x00000000d5b80000,0x00000000d5c08000,0x00000000d5c80000)
  to   space 1024K, 0% used [0x00000000d5a80000,0x00000000d5a80000,0x00000000d5b80000)
 ParOldGen       total 928768K, used 928479K [0x0000000080000000, 0x00000000b8b00000, 0x00000000d5580000)
  object space 928768K, 99% used [0x0000000080000000,0x00000000b8ab7d58,0x00000000b8b00000)
 Metaspace       used 88273K, committed 90048K, reserved 1179648K
  class space    used 8965K, committed 9728K, reserved 1048576K
}
Event: 379.419 GC heap before
{Heap before GC invocations=2631 (full 6):
 PSYoungGen      total 6144K, used 5664K [0x00000000d5580000, 0x00000000d5c80000, 0x0000000100000000)
  eden space 5120K, 100% used [0x00000000d5580000,0x00000000d5a80000,0x00000000d5a80000)
  from space 1024K, 53% used [0x00000000d5b80000,0x00000000d5c08000,0x00000000d5c80000)
  to   space 1024K, 0% used [0x00000000d5a80000,0x00000000d5a80000,0x00000000d5b80000)
 ParOldGen       total 928768K, used 928479K [0x0000000080000000, 0x00000000b8b00000, 0x00000000d5580000)
  object space 928768K, 99% used [0x0000000080000000,0x00000000b8ab7d58,0x00000000b8b00000)
 Metaspace       used 88273K, committed 90048K, reserved 1179648K
  class space    used 8965K, committed 9728K, reserved 1048576K
}
Event: 379.422 GC heap after
{Heap after GC invocations=2631 (full 6):
 PSYoungGen      total 6144K, used 1000K [0x00000000d5580000, 0x00000000d6580000, 0x0000000100000000)
  eden space 5120K, 0% used [0x00000000d5580000,0x00000000d5580000,0x00000000d5a80000)
  from space 1024K, 97% used [0x00000000d5a80000,0x00000000d5b7a318,0x00000000d5b80000)
  to   space 5632K, 0% used [0x00000000d6000000,0x00000000d6000000,0x00000000d6580000)
 ParOldGen       total 932352K, used 931976K [0x0000000080000000, 0x00000000b8e80000, 0x00000000d5580000)
  object space 932352K, 99% used [0x0000000080000000,0x00000000b8e22090,0x00000000b8e80000)
 Metaspace       used 88273K, committed 90048K, reserved 1179648K
  class space    used 8965K, committed 9728K, reserved 1048576K
}
Event: 379.429 GC heap before
{Heap before GC invocations=2632 (full 6):
 PSYoungGen      total 6144K, used 6120K [0x00000000d5580000, 0x00000000d6580000, 0x0000000100000000)
  eden space 5120K, 99% used [0x00000000d5580000,0x00000000d5a7ffe0,0x00000000d5a80000)
  from space 1024K, 97% used [0x00000000d5a80000,0x00000000d5b7a318,0x00000000d5b80000)
  to   space 5632K, 0% used [0x00000000d6000000,0x00000000d6000000,0x00000000d6580000)
 ParOldGen       total 932352K, used 931976K [0x0000000080000000, 0x00000000b8e80000, 0x00000000d5580000)
  object space 932352K, 99% used [0x0000000080000000,0x00000000b8e22090,0x00000000b8e80000)
 Metaspace       used 88273K, committed 90048K, reserved 1179648K
  class space    used 8965K, committed 9728K, reserved 1048576K
}
Event: 379.433 GC heap after
{Heap after GC invocations=2632 (full 6):
 PSYoungGen      total 10752K, used 5216K [0x00000000d5580000, 0x00000000d6580000, 0x0000000100000000)
  eden space 5120K, 0% used [0x00000000d5580000,0x00000000d5580000,0x00000000d5a80000)
  from space 5632K, 92% used [0x00000000d6000000,0x00000000d6518000,0x00000000d6580000)
  to   space 5632K, 0% used [0x00000000d5a80000,0x00000000d5a80000,0x00000000d6000000)
 ParOldGen       total 933376K, used 933016K [0x0000000080000000, 0x00000000b8f80000, 0x00000000d5580000)
  object space 933376K, 99% used [0x0000000080000000,0x00000000b8f263b8,0x00000000b8f80000)
 Metaspace       used 88273K, committed 90048K, reserved 1179648K
  class space    used 8965K, committed 9728K, reserved 1048576K
}
Event: 379.442 GC heap before
{Heap before GC invocations=2633 (full 6):
 PSYoungGen      total 10752K, used 10336K [0x00000000d5580000, 0x00000000d6580000, 0x0000000100000000)
  eden space 5120K, 100% used [0x00000000d5580000,0x00000000d5a80000,0x00000000d5a80000)
  from space 5632K, 92% used [0x00000000d6000000,0x00000000d6518000,0x00000000d6580000)
  to   space 5632K, 0% used [0x00000000d5a80000,0x00000000d5a80000,0x00000000d6000000)
 ParOldGen       total 933376K, used 933016K [0x0000000080000000, 0x00000000b8f80000, 0x00000000d5580000)
  object space 933376K, 99% used [0x0000000080000000,0x00000000b8f263b8,0x00000000b8f80000)
 Metaspace       used 88273K, committed 90048K, reserved 1179648K
  class space    used 8965K, committed 9728K, reserved 1048576K
}
Event: 379.446 GC heap after
{Heap after GC invocations=2633 (full 6):
 PSYoungGen      total 10752K, used 5248K [0x00000000d5580000, 0x00000000d6580000, 0x0000000100000000)
  eden space 5120K, 0% used [0x00000000d5580000,0x00000000d5580000,0x00000000d5a80000)
  from space 5632K, 93% used [0x00000000d5a80000,0x00000000d5fa0000,0x00000000d6000000)
  to   space 5632K, 0% used [0x00000000d6000000,0x00000000d6000000,0x00000000d6580000)
 ParOldGen       total 938496K, used 938176K [0x0000000080000000, 0x00000000b9480000, 0x00000000d5580000)
  object space 938496K, 99% used [0x0000000080000000,0x00000000b94303b8,0x00000000b9480000)
 Metaspace       used 88273K, committed 90048K, reserved 1179648K
  class space    used 8965K, committed 9728K, reserved 1048576K
}
Event: 379.457 GC heap before
{Heap before GC invocations=2634 (full 6):
 PSYoungGen      total 10752K, used 7644K [0x00000000d5580000, 0x00000000d6580000, 0x0000000100000000)
  eden space 5120K, 46% used [0x00000000d5580000,0x00000000d57d7378,0x00000000d5a80000)
  from space 5632K, 93% used [0x00000000d5a80000,0x00000000d5fa0000,0x00000000d6000000)
  to   space 5632K, 0% used [0x00000000d6000000,0x00000000d6000000,0x00000000d6580000)
 ParOldGen       total 1398272K, used 938176K [0x0000000080000000, 0x00000000d5580000, 0x00000000d5580000)
  object space 1398272K, 67% used [0x0000000080000000,0x00000000b94303b8,0x00000000d5580000)
 Metaspace       used 88273K, committed 90048K, reserved 1179648K
  class space    used 8965K, committed 9728K, reserved 1048576K
}
Event: 379.461 GC heap after
{Heap after GC invocations=2634 (full 6):
 PSYoungGen      total 7168K, used 1924K [0x00000000d5580000, 0x00000000d6200000, 0x0000000100000000)
  eden space 5120K, 0% used [0x00000000d5580000,0x00000000d5580000,0x00000000d5a80000)
  from space 2048K, 93% used [0x00000000d6000000,0x00000000d61e1000,0x00000000d6200000)
  to   space 3584K, 0% used [0x00000000d5b00000,0x00000000d5b00000,0x00000000d5e80000)
 ParOldGen       total 1398272K, used 943304K [0x0000000080000000, 0x00000000d5580000, 0x00000000d5580000)
  object space 1398272K, 67% used [0x0000000080000000,0x00000000b99323b8,0x00000000d5580000)
 Metaspace       used 88273K, committed 90048K, reserved 1179648K
  class space    used 8965K, committed 9728K, reserved 1048576K
}
Event: 379.461 GC heap before
{Heap before GC invocations=2635 (full 6):
 PSYoungGen      total 7168K, used 1924K [0x00000000d5580000, 0x00000000d6200000, 0x0000000100000000)
  eden space 5120K, 0% used [0x00000000d5580000,0x00000000d5580000,0x00000000d5a80000)
  from space 2048K, 93% used [0x00000000d6000000,0x00000000d61e1000,0x00000000d6200000)
  to   space 3584K, 0% used [0x00000000d5b00000,0x00000000d5b00000,0x00000000d5e80000)
 ParOldGen       total 1398272K, used 943304K [0x0000000080000000, 0x00000000d5580000, 0x00000000d5580000)
  object space 1398272K, 67% used [0x0000000080000000,0x00000000b99323b8,0x00000000d5580000)
 Metaspace       used 88273K, committed 90048K, reserved 1179648K
  class space    used 8965K, committed 9728K, reserved 1048576K
}
Event: 379.464 GC heap after
{Heap after GC invocations=2635 (full 6):
 PSYoungGen      total 9216K, used 0K [0x00000000d5580000, 0x00000000d6080000, 0x0000000100000000)
  eden space 5632K, 0% used [0x00000000d5580000,0x00000000d5580000,0x00000000d5b00000)
  from space 3584K, 0% used [0x00000000d5b00000,0x00000000d5b00000,0x00000000d5e80000)
  to   space 1024K, 0% used [0x00000000d5f80000,0x00000000d5f80000,0x00000000d6080000)
 ParOldGen       total 1398272K, used 945092K [0x0000000080000000, 0x00000000d5580000, 0x00000000d5580000)
  object space 1398272K, 67% used [0x0000000080000000,0x00000000b9af13b8,0x00000000d5580000)
 Metaspace       used 88273K, committed 90048K, reserved 1179648K
  class space    used 8965K, committed 9728K, reserved 1048576K
}
Event: 379.464 GC heap before
{Heap before GC invocations=2636 (full 7):
 PSYoungGen      total 9216K, used 0K [0x00000000d5580000, 0x00000000d6080000, 0x0000000100000000)
  eden space 5632K, 0% used [0x00000000d5580000,0x00000000d5580000,0x00000000d5b00000)
  from space 3584K, 0% used [0x00000000d5b00000,0x00000000d5b00000,0x00000000d5e80000)
  to   space 1024K, 0% used [0x00000000d5f80000,0x00000000d5f80000,0x00000000d6080000)
 ParOldGen       total 1398272K, used 945092K [0x0000000080000000, 0x00000000d5580000, 0x00000000d5580000)
  object space 1398272K, 67% used [0x0000000080000000,0x00000000b9af13b8,0x00000000d5580000)
 Metaspace       used 88273K, committed 90048K, reserved 1179648K
  class space    used 8965K, committed 9728K, reserved 1048576K
}

