# JRE version: OpenJDK Runtime Environment Temurin-21.0.11+10 (21.0.11+10) (build 21.0.11+10-LTS)
# Java VM: OpenJDK 64-Bit Server VM Temurin-21.0.11+10 (21.0.11+10-LTS, mixed mode, sharing, tiered, compressed oops, compressed class ptrs, parallel gc, windows-amd64)
GC Precious Log:
 CardTable entry size: 512
 CPUs: 12 total, 12 available
 Memory: 32531M
 Large Page Support: Disabled
 NUMA Support: Disabled
 Compressed Oops: Enabled (32-bit)
 Alignments: Space 512K, Generation 512K, Heap 2M
 Heap Min Capacity: 100M
 Heap Initial Capacity: 100M
 Heap Max Capacity: 2G
 Pre-touch: Disabled
 Parallel Workers: 10
Heap:
 PSYoungGen      total 24576K, used 24164K [0x00000000d5580000, 0x00000000d7300000, 0x0000000100000000)
  eden space 22016K, 100% used [0x00000000d5580000,0x00000000d6b00000,0x00000000d6b00000)
  from space 2560K, 83% used [0x00000000d7000000,0x00000000d7219000,0x00000000d7280000)
  to   space 512K, 100% used [0x00000000d7280000,0x00000000d7300000,0x00000000d7300000)
 ParOldGen       total 1398272K, used 48030K [0x0000000080000000, 0x00000000d5580000, 0x00000000d5580000)
  object space 1398272K, 3% used [0x0000000080000000,0x0000000082ee7a28,0x00000000d5580000)
 Metaspace       used 49460K, committed 50816K, reserved 1114112K
  class space    used 5371K, committed 5952K, reserved 1048576K
GC Heap History (20 events):
Event: 25.020 GC heap after
{Heap after GC invocations=19 (full 2):
 PSYoungGen      total 26624K, used 736K [0x00000000d5580000, 0x00000000d7780000, 0x0000000100000000)
  eden space 22016K, 0% used [0x00000000d5580000,0x00000000d5580000,0x00000000d6b00000)
  from space 4608K, 15% used [0x00000000d6f00000,0x00000000d6fb8000,0x00000000d7380000)
  to   space 1536K, 0% used [0x00000000d7600000,0x00000000d7600000,0x00000000d7780000)
 ParOldGen       total 68608K, used 32927K [0x0000000080000000, 0x0000000084300000, 0x00000000d5580000)
  object space 68608K, 47% used [0x0000000080000000,0x0000000082027d38,0x0000000084300000)
 Metaspace       used 41781K, committed 43072K, reserved 1114112K
  class space    used 4470K, committed 5056K, reserved 1048576K
}
Event: 25.235 GC heap before
{Heap before GC invocations=20 (full 2):
 PSYoungGen      total 26624K, used 22752K [0x00000000d5580000, 0x00000000d7780000, 0x0000000100000000)
  eden space 22016K, 100% used [0x00000000d5580000,0x00000000d6b00000,0x00000000d6b00000)
  from space 4608K, 15% used [0x00000000d6f00000,0x00000000d6fb8000,0x00000000d7380000)
  to   space 1536K, 0% used [0x00000000d7600000,0x00000000d7600000,0x00000000d7780000)
 ParOldGen       total 68608K, used 32927K [0x0000000080000000, 0x0000000084300000, 0x00000000d5580000)
  object space 68608K, 47% used [0x0000000080000000,0x0000000082027d38,0x0000000084300000)
 Metaspace       used 44237K, committed 45504K, reserved 1114112K
  class space    used 4786K, committed 5312K, reserved 1048576K
}
Event: 25.236 GC heap after
{Heap after GC invocations=20 (full 2):
 PSYoungGen      total 23552K, used 1408K [0x00000000d5580000, 0x00000000d7780000, 0x0000000100000000)
  eden space 22016K, 0% used [0x00000000d5580000,0x00000000d5580000,0x00000000d6b00000)
  from space 1536K, 91% used [0x00000000d7600000,0x00000000d7760000,0x00000000d7780000)
  to   space 2048K, 0% used [0x00000000d7380000,0x00000000d7380000,0x00000000d7580000)
 ParOldGen       total 68608K, used 33503K [0x0000000080000000, 0x0000000084300000, 0x00000000d5580000)
  object space 68608K, 48% used [0x0000000080000000,0x00000000820b7d38,0x0000000084300000)
 Metaspace       used 44237K, committed 45504K, reserved 1114112K
  class space    used 4786K, committed 5312K, reserved 1048576K
}
Event: 25.526 GC heap before
{Heap before GC invocations=21 (full 2):
 PSYoungGen      total 23552K, used 23424K [0x00000000d5580000, 0x00000000d7780000, 0x0000000100000000)
  eden space 22016K, 100% used [0x00000000d5580000,0x00000000d6b00000,0x00000000d6b00000)
  from space 1536K, 91% used [0x00000000d7600000,0x00000000d7760000,0x00000000d7780000)
  to   space 2048K, 0% used [0x00000000d7380000,0x00000000d7380000,0x00000000d7580000)
 ParOldGen       total 68608K, used 33503K [0x0000000080000000, 0x0000000084300000, 0x00000000d5580000)
  object space 68608K, 48% used [0x0000000080000000,0x00000000820b7d38,0x0000000084300000)
 Metaspace       used 46651K, committed 47936K, reserved 1114112K
  class space    used 5097K, committed 5632K, reserved 1048576K
}
Event: 25.529 GC heap after
{Heap after GC invocations=21 (full 2):
 PSYoungGen      total 23552K, used 1499K [0x00000000d5580000, 0x00000000d7680000, 0x0000000100000000)
  eden space 22016K, 0% used [0x00000000d5580000,0x00000000d5580000,0x00000000d6b00000)
  from space 1536K, 97% used [0x00000000d7380000,0x00000000d74f6ea8,0x00000000d7500000)
  to   space 1536K, 0% used [0x00000000d7500000,0x00000000d7500000,0x00000000d7680000)
 ParOldGen       total 68608K, used 34727K [0x0000000080000000, 0x0000000084300000, 0x00000000d5580000)
  object space 68608K, 50% used [0x0000000080000000,0x00000000821e9d58,0x0000000084300000)
 Metaspace       used 46651K, committed 47936K, reserved 1114112K
  class space    used 5097K, committed 5632K, reserved 1048576K
}
Event: 25.859 GC heap before
{Heap before GC invocations=22 (full 2):
 PSYoungGen      total 23552K, used 23515K [0x00000000d5580000, 0x00000000d7680000, 0x0000000100000000)
  eden space 22016K, 100% used [0x00000000d5580000,0x00000000d6b00000,0x00000000d6b00000)
  from space 1536K, 97% used [0x00000000d7380000,0x00000000d74f6ea8,0x00000000d7500000)
  to   space 1536K, 0% used [0x00000000d7500000,0x00000000d7500000,0x00000000d7680000)
 ParOldGen       total 68608K, used 34727K [0x0000000080000000, 0x0000000084300000, 0x00000000d5580000)
  object space 68608K, 50% used [0x0000000080000000,0x00000000821e9d58,0x0000000084300000)
 Metaspace       used 47355K, committed 48640K, reserved 1114112K
  class space    used 5166K, committed 5696K, reserved 1048576K
}
Event: 25.861 GC heap after
{Heap after GC invocations=22 (full 2):
 PSYoungGen      total 23040K, used 544K [0x00000000d5580000, 0x00000000d7600000, 0x0000000100000000)
  eden space 22016K, 0% used [0x00000000d5580000,0x00000000d5580000,0x00000000d6b00000)
  from space 1024K, 53% used [0x00000000d7500000,0x00000000d7588000,0x00000000d7600000)
  to   space 1024K, 0% used [0x00000000d7400000,0x00000000d7400000,0x00000000d7500000)
 ParOldGen       total 68608K, used 36031K [0x0000000080000000, 0x0000000084300000, 0x00000000d5580000)
  object space 68608K, 52% used [0x0000000080000000,0x000000008232fe20,0x0000000084300000)
 Metaspace       used 47355K, committed 48640K, reserved 1114112K
  class space    used 5166K, committed 5696K, reserved 1048576K
}
Event: 28.936 GC heap before
{Heap before GC invocations=23 (full 2):
 PSYoungGen      total 23040K, used 22560K [0x00000000d5580000, 0x00000000d7600000, 0x0000000100000000)
  eden space 22016K, 100% used [0x00000000d5580000,0x00000000d6b00000,0x00000000d6b00000)
  from space 1024K, 53% used [0x00000000d7500000,0x00000000d7588000,0x00000000d7600000)
  to   space 1024K, 0% used [0x00000000d7400000,0x00000000d7400000,0x00000000d7500000)
 ParOldGen       total 68608K, used 36031K [0x0000000080000000, 0x0000000084300000, 0x00000000d5580000)
  object space 68608K, 52% used [0x0000000080000000,0x000000008232fe20,0x0000000084300000)
 Metaspace       used 49044K, committed 50368K, reserved 1114112K
  class space    used 5314K, committed 5888K, reserved 1048576K
}
Event: 28.938 GC heap after
{Heap after GC invocations=23 (full 2):
 PSYoungGen      total 23040K, used 1016K [0x00000000d5580000, 0x00000000d7580000, 0x0000000100000000)
  eden space 22016K, 0% used [0x00000000d5580000,0x00000000d5580000,0x00000000d6b00000)
  from space 1024K, 99% used [0x00000000d7400000,0x00000000d74fe1d8,0x00000000d7500000)
  to   space 512K, 0% used [0x00000000d7500000,0x00000000d7500000,0x00000000d7580000)
 ParOldGen       total 68608K, used 37277K [0x0000000080000000, 0x0000000084300000, 0x00000000d5580000)
  object space 68608K, 54% used [0x0000000080000000,0x0000000082467570,0x0000000084300000)
 Metaspace       used 49044K, committed 50368K, reserved 1114112K
  class space    used 5314K, committed 5888K, reserved 1048576K
}
Event: 28.972 GC heap before
{Heap before GC invocations=24 (full 2):
 PSYoungGen      total 23040K, used 23032K [0x00000000d5580000, 0x00000000d7580000, 0x0000000100000000)
  eden space 22016K, 100% used [0x00000000d5580000,0x00000000d6b00000,0x00000000d6b00000)
  from space 1024K, 99% used [0x00000000d7400000,0x00000000d74fe1d8,0x00000000d7500000)
  to   space 512K, 0% used [0x00000000d7500000,0x00000000d7500000,0x00000000d7580000)
 ParOldGen       total 68608K, used 37277K [0x0000000080000000, 0x0000000084300000, 0x00000000d5580000)
  object space 68608K, 54% used [0x0000000080000000,0x0000000082467570,0x0000000084300000)
 Metaspace       used 49047K, committed 50368K, reserved 1114112K
  class space    used 5314K, committed 5888K, reserved 1048576K
}
Event: 28.975 GC heap after
{Heap after GC invocations=24 (full 2):
 PSYoungGen      total 22528K, used 480K [0x00000000d5580000, 0x00000000d7580000, 0x0000000100000000)
  eden space 22016K, 0% used [0x00000000d5580000,0x00000000d5580000,0x00000000d6b00000)
  from space 512K, 93% used [0x00000000d7500000,0x00000000d7578010,0x00000000d7580000)
  to   space 3584K, 0% used [0x00000000d6e80000,0x00000000d6e80000,0x00000000d7200000)
 ParOldGen       total 68608K, used 39796K [0x0000000080000000, 0x0000000084300000, 0x00000000d5580000)
  object space 68608K, 58% used [0x0000000080000000,0x00000000826dd110,0x0000000084300000)
 Metaspace       used 49047K, committed 50368K, reserved 1114112K
  class space    used 5314K, committed 5888K, reserved 1048576K
}
Event: 29.041 GC heap before
{Heap before GC invocations=25 (full 2):
 PSYoungGen      total 22528K, used 22496K [0x00000000d5580000, 0x00000000d7580000, 0x0000000100000000)
  eden space 22016K, 100% used [0x00000000d5580000,0x00000000d6b00000,0x00000000d6b00000)
  from space 512K, 93% used [0x00000000d7500000,0x00000000d7578010,0x00000000d7580000)
  to   space 3584K, 0% used [0x00000000d6e80000,0x00000000d6e80000,0x00000000d7200000)
 ParOldGen       total 68608K, used 39796K [0x0000000080000000, 0x0000000084300000, 0x00000000d5580000)
  object space 68608K, 58% used [0x0000000080000000,0x00000000826dd110,0x0000000084300000)
 Metaspace       used 49413K, committed 50752K, reserved 1114112K
  class space    used 5371K, committed 5952K, reserved 1048576K
}
Event: 29.043 GC heap after
{Heap after GC invocations=25 (full 2):
 PSYoungGen      total 25600K, used 2434K [0x00000000d5580000, 0x00000000d7580000, 0x0000000100000000)
  eden space 22016K, 0% used [0x00000000d5580000,0x00000000d5580000,0x00000000d6b00000)
  from space 3584K, 67% used [0x00000000d6e80000,0x00000000d70e0820,0x00000000d7200000)
  to   space 3072K, 0% used [0x00000000d7280000,0x00000000d7280000,0x00000000d7580000)
 ParOldGen       total 68608K, used 40228K [0x0000000080000000, 0x0000000084300000, 0x00000000d5580000)
  object space 68608K, 58% used [0x0000000080000000,0x0000000082749110,0x0000000084300000)
 Metaspace       used 49413K, committed 50752K, reserved 1114112K
  class space    used 5371K, committed 5952K, reserved 1048576K
}
Event: 29.097 GC heap before
{Heap before GC invocations=26 (full 2):
 PSYoungGen      total 25600K, used 24450K [0x00000000d5580000, 0x00000000d7580000, 0x0000000100000000)
  eden space 22016K, 100% used [0x00000000d5580000,0x00000000d6b00000,0x00000000d6b00000)
  from space 3584K, 67% used [0x00000000d6e80000,0x00000000d70e0820,0x00000000d7200000)
  to   space 3072K, 0% used [0x00000000d7280000,0x00000000d7280000,0x00000000d7580000)
 ParOldGen       total 68608K, used 40228K [0x0000000080000000, 0x0000000084300000, 0x00000000d5580000)
  object space 68608K, 58% used [0x0000000080000000,0x0000000082749110,0x0000000084300000)
 Metaspace       used 49434K, committed 50816K, reserved 1114112K
  class space    used 5371K, committed 5952K, reserved 1048576K
}
Event: 29.100 GC heap after
{Heap after GC invocations=26 (full 2):
 PSYoungGen      total 24576K, used 2144K [0x00000000d5580000, 0x00000000d7500000, 0x0000000100000000)
  eden space 22016K, 0% used [0x00000000d5580000,0x00000000d5580000,0x00000000d6b00000)
  from space 2560K, 83% used [0x00000000d7280000,0x00000000d7498000,0x00000000d7500000)
  to   space 2560K, 0% used [0x00000000d7000000,0x00000000d7000000,0x00000000d7280000)
 ParOldGen       total 68608K, used 42506K [0x0000000080000000, 0x0000000084300000, 0x00000000d5580000)
  object space 68608K, 61% used [0x0000000080000000,0x0000000082982a40,0x0000000084300000)
 Metaspace       used 49434K, committed 50816K, reserved 1114112K
  class space    used 5371K, committed 5952K, reserved 1048576K
}
Event: 29.136 GC heap before
{Heap before GC invocations=27 (full 2):
 PSYoungGen      total 24576K, used 24160K [0x00000000d5580000, 0x00000000d7500000, 0x0000000100000000)
  eden space 22016K, 100% used [0x00000000d5580000,0x00000000d6b00000,0x00000000d6b00000)
  from space 2560K, 83% used [0x00000000d7280000,0x00000000d7498000,0x00000000d7500000)
  to   space 2560K, 0% used [0x00000000d7000000,0x00000000d7000000,0x00000000d7280000)
 ParOldGen       total 68608K, used 42506K [0x0000000080000000, 0x0000000084300000, 0x00000000d5580000)
  object space 68608K, 61% used [0x0000000080000000,0x0000000082982a40,0x0000000084300000)
 Metaspace       used 49439K, committed 50816K, reserved 1114112K
  class space    used 5371K, committed 5952K, reserved 1048576K
}
Event: 29.139 GC heap after
{Heap after GC invocations=27 (full 2):
 PSYoungGen      total 24576K, used 2148K [0x00000000d5580000, 0x00000000d7300000, 0x0000000100000000)
  eden space 22016K, 0% used [0x00000000d5580000,0x00000000d5580000,0x00000000d6b00000)
  from space 2560K, 83% used [0x00000000d7000000,0x00000000d7219000,0x00000000d7280000)
  to   space 512K, 0% used [0x00000000d7280000,0x00000000d7280000,0x00000000d7300000)
 ParOldGen       total 68608K, used 44472K [0x0000000080000000, 0x0000000084300000, 0x00000000d5580000)
  object space 68608K, 64% used [0x0000000080000000,0x0000000082b6e3f0,0x0000000084300000)
 Metaspace       used 49439K, committed 50816K, reserved 1114112K
  class space    used 5371K, committed 5952K, reserved 1048576K
}
Event: 29.197 GC heap before
{Heap before GC invocations=28 (full 2):
 PSYoungGen      total 24576K, used 24164K [0x00000000d5580000, 0x00000000d7300000, 0x0000000100000000)
  eden space 22016K, 100% used [0x00000000d5580000,0x00000000d6b00000,0x00000000d6b00000)
  from space 2560K, 83% used [0x00000000d7000000,0x00000000d7219000,0x00000000d7280000)
  to   space 512K, 0% used [0x00000000d7280000,0x00000000d7280000,0x00000000d7300000)
 ParOldGen       total 68608K, used 44472K [0x0000000080000000, 0x0000000084300000, 0x00000000d5580000)
  object space 68608K, 64% used [0x0000000080000000,0x0000000082b6e3f0,0x0000000084300000)
 Metaspace       used 49460K, committed 50816K, reserved 1114112K
  class space    used 5371K, committed 5952K, reserved 1048576K
}
Event: 29.203 GC heap after
{Heap after GC invocations=28 (full 2):
 PSYoungGen      total 24576K, used 24164K [0x00000000d5580000, 0x00000000d7300000, 0x0000000100000000)
  eden space 22016K, 100% used [0x00000000d5580000,0x00000000d6b00000,0x00000000d6b00000)
  from space 2560K, 83% used [0x00000000d7000000,0x00000000d7219000,0x00000000d7280000)
  to   space 512K, 100% used [0x00000000d7280000,0x00000000d7300000,0x00000000d7300000)
 ParOldGen       total 1398272K, used 48030K [0x0000000080000000, 0x00000000d5580000, 0x00000000d5580000)
  object space 1398272K, 3% used [0x0000000080000000,0x0000000082ee7a28,0x00000000d5580000)
 Metaspace       used 49460K, committed 50816K, reserved 1114112K
  class space    used 5371K, committed 5952K, reserved 1048576K
}
Event: 29.203 GC heap before
{Heap before GC invocations=29 (full 3):
 PSYoungGen      total 24576K, used 24164K [0x00000000d5580000, 0x00000000d7300000, 0x0000000100000000)
  eden space 22016K, 100% used [0x00000000d5580000,0x00000000d6b00000,0x00000000d6b00000)
  from space 2560K, 83% used [0x00000000d7000000,0x00000000d7219000,0x00000000d7280000)
  to   space 512K, 100% used [0x00000000d7280000,0x00000000d7300000,0x00000000d7300000)
 ParOldGen       total 1398272K, used 48030K [0x0000000080000000, 0x00000000d5580000, 0x00000000d5580000)
  object space 1398272K, 3% used [0x0000000080000000,0x0000000082ee7a28,0x00000000d5580000)
 Metaspace       used 49460K, committed 50816K, reserved 1114112K
  class space    used 5371K, committed 5952K, reserved 1048576K
}

